c:\repos\graphics\graphics\client\x64\debug\client.pch
c:\repos\graphics\graphics\client\x64\debug\vc143.pdb
c:\repos\graphics\graphics\client\x64\debug\vc143.idb
c:\repos\graphics\graphics\client\x64\debug\pch.obj
c:\repos\graphics\graphics\client\x64\debug\game.obj
c:\repos\graphics\graphics\client\x64\debug\client.obj
c:\repos\graphics\graphics\client\x64\debug\client.ilk
c:\repos\graphics\graphics\output\client.exe
c:\repos\graphics\graphics\output\client.pdb
c:\repos\graphics\graphics\client\x64\debug\client.res
c:\repos\graphics\graphics\client\x64\debug\client.tlog\cl.command.1.tlog
c:\repos\graphics\graphics\client\x64\debug\client.tlog\cl.items.tlog
c:\repos\graphics\graphics\client\x64\debug\client.tlog\cl.read.1.tlog
c:\repos\graphics\graphics\client\x64\debug\client.tlog\cl.write.1.tlog
c:\repos\graphics\graphics\client\x64\debug\client.tlog\link.command.1.tlog
c:\repos\graphics\graphics\client\x64\debug\client.tlog\link.read.1.tlog
c:\repos\graphics\graphics\client\x64\debug\client.tlog\link.write.1.tlog
c:\repos\graphics\graphics\client\x64\debug\client.tlog\rc.command.1.tlog
c:\repos\graphics\graphics\client\x64\debug\client.tlog\rc.read.1.tlog
c:\repos\graphics\graphics\client\x64\debug\client.tlog\rc.write.1.tlog
